<?xml version="1.0" encoding="UTF-8"?>
<!-- Generated by org.testng.reporters.JUnitReportReporter -->
<testsuite hostname="LAPTOP-DT7PUTNJ" failures="0" tests="1" name="test_cases.Login_testCases_firefox" time="22.898" errors="0" timestamp="2023-04-15T14:39:18 EDT" skipped="0">
  <testcase classname="test_cases.Login_testCases_firefox" name="logintoSFDC" time="22.898"/>
  <system-out/>
</testsuite> <!-- test_cases.Login_testCases_firefox -->
